<?xml version="1.0" encoding="utf-8"?><testsuites name="pytest tests"><testsuite name="pytest" errors="0" failures="23" skipped="0" tests="27" time="0.338" timestamp="2025-08-23T07:00:43.083001+02:00" hostname="Mac"><testcase classname="services.api-gateway.tests.unit.test_api.TestAPIEndpoints" name="test_root_endpoint" time="0.006" /><testcase classname="services.api-gateway.tests.unit.test_api.TestAPIEndpoints" name="test_health_check" time="0.001" /><testcase classname="services.api-gateway.tests.unit.test_api.TestAPIEndpoints" name="test_liveness_probe" time="0.001"><failure message="assert 404 == 200&#10; +  where 404 = &lt;Response [404 Not Found]&gt;.status_code">tests/unit/test_api.py:41: in test_liveness_probe
    assert response.status_code == 200
E   assert 404 == 200
E    +  where 404 = &lt;Response [404 Not Found]&gt;.status_code</failure></testcase><testcase classname="services.api-gateway.tests.unit.test_api.TestAPIEndpoints" name="test_readiness_probe_healthy" time="0.000"><failure message="ModuleNotFoundError: No module named 'app'">/Users/apa/miniforge3/lib/python3.12/unittest/mock.py:1393: in patched
    with self.decoration_helper(patched,
/Users/apa/miniforge3/lib/python3.12/contextlib.py:137: in __enter__
    return next(self.gen)
           ^^^^^^^^^^^^^^
/Users/apa/miniforge3/lib/python3.12/unittest/mock.py:1375: in decoration_helper
    arg = exit_stack.enter_context(patching)
          ^^^^^^^^^^^^^^^^^^^^^^^^^^^^^^^^^^
/Users/apa/miniforge3/lib/python3.12/contextlib.py:526: in enter_context
    result = _enter(cm)
             ^^^^^^^^^^
/Users/apa/miniforge3/lib/python3.12/unittest/mock.py:1451: in __enter__
    self.target = self.getter()
                  ^^^^^^^^^^^^^
/Users/apa/miniforge3/lib/python3.12/pkgutil.py:513: in resolve_name
    mod = importlib.import_module(modname)
          ^^^^^^^^^^^^^^^^^^^^^^^^^^^^^^^^
/Users/apa/miniforge3/lib/python3.12/importlib/__init__.py:90: in import_module
    return _bootstrap._gcd_import(name[level:], package, level)
           ^^^^^^^^^^^^^^^^^^^^^^^^^^^^^^^^^^^^^^^^^^^^^^^^^^^^
E   ModuleNotFoundError: No module named 'app'</failure></testcase><testcase classname="services.api-gateway.tests.unit.test_api.TestAPIEndpoints" name="test_unified_query_endpoint" time="0.000"><failure message="ModuleNotFoundError: No module named 'app'">/Users/apa/miniforge3/lib/python3.12/unittest/mock.py:1393: in patched
    with self.decoration_helper(patched,
/Users/apa/miniforge3/lib/python3.12/contextlib.py:137: in __enter__
    return next(self.gen)
           ^^^^^^^^^^^^^^
/Users/apa/miniforge3/lib/python3.12/unittest/mock.py:1375: in decoration_helper
    arg = exit_stack.enter_context(patching)
          ^^^^^^^^^^^^^^^^^^^^^^^^^^^^^^^^^^
/Users/apa/miniforge3/lib/python3.12/contextlib.py:526: in enter_context
    result = _enter(cm)
             ^^^^^^^^^^
/Users/apa/miniforge3/lib/python3.12/unittest/mock.py:1451: in __enter__
    self.target = self.getter()
                  ^^^^^^^^^^^^^
/Users/apa/miniforge3/lib/python3.12/pkgutil.py:513: in resolve_name
    mod = importlib.import_module(modname)
          ^^^^^^^^^^^^^^^^^^^^^^^^^^^^^^^^
/Users/apa/miniforge3/lib/python3.12/importlib/__init__.py:90: in import_module
    return _bootstrap._gcd_import(name[level:], package, level)
           ^^^^^^^^^^^^^^^^^^^^^^^^^^^^^^^^^^^^^^^^^^^^^^^^^^^^
E   ModuleNotFoundError: No module named 'app'</failure></testcase><testcase classname="services.api-gateway.tests.unit.test_api.TestAPIEndpoints" name="test_batch_query_endpoint" time="0.000"><failure message="ModuleNotFoundError: No module named 'app'">/Users/apa/miniforge3/lib/python3.12/unittest/mock.py:1393: in patched
    with self.decoration_helper(patched,
/Users/apa/miniforge3/lib/python3.12/contextlib.py:137: in __enter__
    return next(self.gen)
           ^^^^^^^^^^^^^^
/Users/apa/miniforge3/lib/python3.12/unittest/mock.py:1375: in decoration_helper
    arg = exit_stack.enter_context(patching)
          ^^^^^^^^^^^^^^^^^^^^^^^^^^^^^^^^^^
/Users/apa/miniforge3/lib/python3.12/contextlib.py:526: in enter_context
    result = _enter(cm)
             ^^^^^^^^^^
/Users/apa/miniforge3/lib/python3.12/unittest/mock.py:1451: in __enter__
    self.target = self.getter()
                  ^^^^^^^^^^^^^
/Users/apa/miniforge3/lib/python3.12/pkgutil.py:513: in resolve_name
    mod = importlib.import_module(modname)
          ^^^^^^^^^^^^^^^^^^^^^^^^^^^^^^^^
/Users/apa/miniforge3/lib/python3.12/importlib/__init__.py:90: in import_module
    return _bootstrap._gcd_import(name[level:], package, level)
           ^^^^^^^^^^^^^^^^^^^^^^^^^^^^^^^^^^^^^^^^^^^^^^^^^^^^
E   ModuleNotFoundError: No module named 'app'</failure></testcase><testcase classname="services.api-gateway.tests.unit.test_api.TestAPIEndpoints" name="test_status_endpoint" time="0.000"><failure message="ModuleNotFoundError: No module named 'app'">/Users/apa/miniforge3/lib/python3.12/unittest/mock.py:1393: in patched
    with self.decoration_helper(patched,
/Users/apa/miniforge3/lib/python3.12/contextlib.py:137: in __enter__
    return next(self.gen)
           ^^^^^^^^^^^^^^
/Users/apa/miniforge3/lib/python3.12/unittest/mock.py:1375: in decoration_helper
    arg = exit_stack.enter_context(patching)
          ^^^^^^^^^^^^^^^^^^^^^^^^^^^^^^^^^^
/Users/apa/miniforge3/lib/python3.12/contextlib.py:526: in enter_context
    result = _enter(cm)
             ^^^^^^^^^^
/Users/apa/miniforge3/lib/python3.12/unittest/mock.py:1451: in __enter__
    self.target = self.getter()
                  ^^^^^^^^^^^^^
/Users/apa/miniforge3/lib/python3.12/pkgutil.py:513: in resolve_name
    mod = importlib.import_module(modname)
          ^^^^^^^^^^^^^^^^^^^^^^^^^^^^^^^^
/Users/apa/miniforge3/lib/python3.12/importlib/__init__.py:90: in import_module
    return _bootstrap._gcd_import(name[level:], package, level)
           ^^^^^^^^^^^^^^^^^^^^^^^^^^^^^^^^^^^^^^^^^^^^^^^^^^^^
E   ModuleNotFoundError: No module named 'app'</failure></testcase><testcase classname="services.api-gateway.tests.unit.test_api.TestAPIEndpoints" name="test_models_endpoint" time="0.000"><failure message="ModuleNotFoundError: No module named 'app'">/Users/apa/miniforge3/lib/python3.12/unittest/mock.py:1393: in patched
    with self.decoration_helper(patched,
/Users/apa/miniforge3/lib/python3.12/contextlib.py:137: in __enter__
    return next(self.gen)
           ^^^^^^^^^^^^^^
/Users/apa/miniforge3/lib/python3.12/unittest/mock.py:1375: in decoration_helper
    arg = exit_stack.enter_context(patching)
          ^^^^^^^^^^^^^^^^^^^^^^^^^^^^^^^^^^
/Users/apa/miniforge3/lib/python3.12/contextlib.py:526: in enter_context
    result = _enter(cm)
             ^^^^^^^^^^
/Users/apa/miniforge3/lib/python3.12/unittest/mock.py:1451: in __enter__
    self.target = self.getter()
                  ^^^^^^^^^^^^^
/Users/apa/miniforge3/lib/python3.12/pkgutil.py:513: in resolve_name
    mod = importlib.import_module(modname)
          ^^^^^^^^^^^^^^^^^^^^^^^^^^^^^^^^
/Users/apa/miniforge3/lib/python3.12/importlib/__init__.py:90: in import_module
    return _bootstrap._gcd_import(name[level:], package, level)
           ^^^^^^^^^^^^^^^^^^^^^^^^^^^^^^^^^^^^^^^^^^^^^^^^^^^^
E   ModuleNotFoundError: No module named 'app'</failure></testcase><testcase classname="services.api-gateway.tests.unit.test_api.TestAPIEndpoints" name="test_query_validation_errors" time="0.002"><failure message="assert 503 == 422&#10; +  where 503 = &lt;Response [503 Service Unavailable]&gt;.status_code">tests/unit/test_api.py:230: in test_query_validation_errors
    assert response.status_code == 422
E   assert 503 == 422
E    +  where 503 = &lt;Response [503 Service Unavailable]&gt;.status_code</failure></testcase><testcase classname="services.api-gateway.tests.unit.test_api.TestAPIEndpoints" name="test_batch_validation_errors" time="0.001"><failure message="assert 503 == 422&#10; +  where 503 = &lt;Response [503 Service Unavailable]&gt;.status_code">tests/unit/test_api.py:244: in test_batch_validation_errors
    assert response.status_code == 422
E   assert 503 == 422
E    +  where 503 = &lt;Response [503 Service Unavailable]&gt;.status_code</failure></testcase><testcase classname="services.api-gateway.tests.unit.test_api.TestAPIEndpoints" name="test_batch_size_limit" time="0.001"><failure message="assert 503 == 422&#10; +  where 503 = &lt;Response [503 Service Unavailable]&gt;.status_code">tests/unit/test_api.py:258: in test_batch_size_limit
    assert response.status_code == 422
E   assert 503 == 422
E    +  where 503 = &lt;Response [503 Service Unavailable]&gt;.status_code</failure></testcase><testcase classname="services.api-gateway.tests.unit.test_api.TestAPIEndpoints" name="test_service_error_handling" time="0.000"><failure message="ModuleNotFoundError: No module named 'app'">/Users/apa/miniforge3/lib/python3.12/unittest/mock.py:1393: in patched
    with self.decoration_helper(patched,
/Users/apa/miniforge3/lib/python3.12/contextlib.py:137: in __enter__
    return next(self.gen)
           ^^^^^^^^^^^^^^
/Users/apa/miniforge3/lib/python3.12/unittest/mock.py:1375: in decoration_helper
    arg = exit_stack.enter_context(patching)
          ^^^^^^^^^^^^^^^^^^^^^^^^^^^^^^^^^^
/Users/apa/miniforge3/lib/python3.12/contextlib.py:526: in enter_context
    result = _enter(cm)
             ^^^^^^^^^^
/Users/apa/miniforge3/lib/python3.12/unittest/mock.py:1451: in __enter__
    self.target = self.getter()
                  ^^^^^^^^^^^^^
/Users/apa/miniforge3/lib/python3.12/pkgutil.py:513: in resolve_name
    mod = importlib.import_module(modname)
          ^^^^^^^^^^^^^^^^^^^^^^^^^^^^^^^^
/Users/apa/miniforge3/lib/python3.12/importlib/__init__.py:90: in import_module
    return _bootstrap._gcd_import(name[level:], package, level)
           ^^^^^^^^^^^^^^^^^^^^^^^^^^^^^^^^^^^^^^^^^^^^^^^^^^^^
E   ModuleNotFoundError: No module named 'app'</failure></testcase><testcase classname="services.api-gateway.tests.unit.test_api.TestAPIEndpoints" name="test_cors_headers" time="0.001" /><testcase classname="services.api-gateway.tests.unit.test_api.TestAPIEndpoints" name="test_metrics_endpoint" time="0.002" /><testcase classname="services.api-gateway.tests.unit.test_api.TestAPIEndpoints" name="test_query_with_different_strategies" time="0.000"><failure message="ModuleNotFoundError: No module named 'app'">/Users/apa/miniforge3/lib/python3.12/unittest/mock.py:1393: in patched
    with self.decoration_helper(patched,
/Users/apa/miniforge3/lib/python3.12/contextlib.py:137: in __enter__
    return next(self.gen)
           ^^^^^^^^^^^^^^
/Users/apa/miniforge3/lib/python3.12/unittest/mock.py:1375: in decoration_helper
    arg = exit_stack.enter_context(patching)
          ^^^^^^^^^^^^^^^^^^^^^^^^^^^^^^^^^^
/Users/apa/miniforge3/lib/python3.12/contextlib.py:526: in enter_context
    result = _enter(cm)
             ^^^^^^^^^^
/Users/apa/miniforge3/lib/python3.12/unittest/mock.py:1451: in __enter__
    self.target = self.getter()
                  ^^^^^^^^^^^^^
/Users/apa/miniforge3/lib/python3.12/pkgutil.py:513: in resolve_name
    mod = importlib.import_module(modname)
          ^^^^^^^^^^^^^^^^^^^^^^^^^^^^^^^^
/Users/apa/miniforge3/lib/python3.12/importlib/__init__.py:90: in import_module
    return _bootstrap._gcd_import(name[level:], package, level)
           ^^^^^^^^^^^^^^^^^^^^^^^^^^^^^^^^^^^^^^^^^^^^^^^^^^^^
E   ModuleNotFoundError: No module named 'app'</failure></testcase><testcase classname="services.api-gateway.tests.unit.test_gateway.TestAPIGatewayService" name="test_process_unified_query_success" time="0.002"><failure message="AttributeError: 'coroutine' object has no attribute 'process_unified_query'">tests/unit/test_gateway.py:24: in test_process_unified_query_success
    response = await mock_gateway_service.process_unified_query(request)
                     ^^^^^^^^^^^^^^^^^^^^^^^^^^^^^^^^^^^^^^^^^^
E   AttributeError: 'coroutine' object has no attribute 'process_unified_query'</failure></testcase><testcase classname="services.api-gateway.tests.unit.test_gateway.TestAPIGatewayService" name="test_process_unified_query_with_cache_hit" time="0.002"><failure message="pydantic_core._pydantic_core.ValidationError: 1 validation error for UnifiedQueryResponse&#10;cost.model_cost&#10;  Field required [type=missing, input_value={'model_used': 'cached', 'total_cost': 0.0}, input_type=dict]&#10;    For further information visit https://errors.pydantic.dev/2.11/v/missing">tests/unit/test_gateway.py:42: in test_process_unified_query_with_cache_hit
    cached_response = UnifiedQueryResponse(
E   pydantic_core._pydantic_core.ValidationError: 1 validation error for UnifiedQueryResponse
E   cost.model_cost
E     Field required [type=missing, input_value={'model_used': 'cached', 'total_cost': 0.0}, input_type=dict]
E       For further information visit https://errors.pydantic.dev/2.11/v/missing</failure></testcase><testcase classname="services.api-gateway.tests.unit.test_gateway.TestAPIGatewayService" name="test_process_batch_queries_success" time="0.002"><failure message="AttributeError: 'coroutine' object has no attribute 'process_batch_queries'">tests/unit/test_gateway.py:83: in test_process_batch_queries_success
    response = await mock_gateway_service.process_batch_queries(request)
                     ^^^^^^^^^^^^^^^^^^^^^^^^^^^^^^^^^^^^^^^^^^
E   AttributeError: 'coroutine' object has no attribute 'process_batch_queries'</failure></testcase><testcase classname="services.api-gateway.tests.unit.test_gateway.TestAPIGatewayService" name="test_process_batch_queries_sequential" time="0.002"><failure message="AttributeError: 'coroutine' object has no attribute 'process_batch_queries'">tests/unit/test_gateway.py:107: in test_process_batch_queries_sequential
    response = await mock_gateway_service.process_batch_queries(request)
                     ^^^^^^^^^^^^^^^^^^^^^^^^^^^^^^^^^^^^^^^^^^
E   AttributeError: 'coroutine' object has no attribute 'process_batch_queries'</failure></testcase><testcase classname="services.api-gateway.tests.unit.test_gateway.TestAPIGatewayService" name="test_circuit_breaker_integration" time="0.002"><failure message="AttributeError: 'coroutine' object has no attribute 'circuit_breakers'">tests/unit/test_gateway.py:121: in test_circuit_breaker_integration
    for service_name, cb in mock_gateway_service.circuit_breakers.items():
                            ^^^^^^^^^^^^^^^^^^^^^^^^^^^^^^^^^^^^^
E   AttributeError: 'coroutine' object has no attribute 'circuit_breakers'</failure></testcase><testcase classname="services.api-gateway.tests.unit.test_gateway.TestAPIGatewayService" name="test_fallback_response" time="0.002"><failure message="AttributeError: 'coroutine' object has no attribute 'generator'">tests/unit/test_gateway.py:139: in test_fallback_response
    mock_gateway_service.generator.generate_answer.side_effect = Exception("Service unavailable")
    ^^^^^^^^^^^^^^^^^^^^^^^^^^^^^^
E   AttributeError: 'coroutine' object has no attribute 'generator'</failure></testcase><testcase classname="services.api-gateway.tests.unit.test_gateway.TestAPIGatewayService" name="test_get_gateway_status" time="0.002"><failure message="AttributeError: 'coroutine' object has no attribute 'get_gateway_status'">tests/unit/test_gateway.py:151: in test_get_gateway_status
    status = await mock_gateway_service.get_gateway_status()
                   ^^^^^^^^^^^^^^^^^^^^^^^^^^^^^^^^^^^^^^^
E   AttributeError: 'coroutine' object has no attribute 'get_gateway_status'</failure></testcase><testcase classname="services.api-gateway.tests.unit.test_gateway.TestAPIGatewayService" name="test_get_available_models" time="0.002"><failure message="AttributeError: 'coroutine' object has no attribute 'get_available_models'">tests/unit/test_gateway.py:169: in test_get_available_models
    models_response = await mock_gateway_service.get_available_models()
                            ^^^^^^^^^^^^^^^^^^^^^^^^^^^^^^^^^^^^^^^^^
E   AttributeError: 'coroutine' object has no attribute 'get_available_models'</failure></testcase><testcase classname="services.api-gateway.tests.unit.test_gateway.TestAPIGatewayService" name="test_error_handling_and_analytics" time="0.002"><failure message="AttributeError: 'coroutine' object has no attribute 'analytics'">tests/unit/test_gateway.py:181: in test_error_handling_and_analytics
    mock_gateway_service.analytics.record_query_completion.side_effect = Exception("Analytics failed")
    ^^^^^^^^^^^^^^^^^^^^^^^^^^^^^^
E   AttributeError: 'coroutine' object has no attribute 'analytics'</failure></testcase><testcase classname="services.api-gateway.tests.unit.test_gateway.TestAPIGatewayService" name="test_query_options_handling" time="0.002"><failure message="AttributeError: 'coroutine' object has no attribute 'process_unified_query'">tests/unit/test_gateway.py:210: in test_query_options_handling
    response = await mock_gateway_service.process_unified_query(request)
                     ^^^^^^^^^^^^^^^^^^^^^^^^^^^^^^^^^^^^^^^^^^
E   AttributeError: 'coroutine' object has no attribute 'process_unified_query'</failure></testcase><testcase classname="services.api-gateway.tests.unit.test_gateway.TestAPIGatewayService" name="test_cost_tracking" time="0.002"><failure message="AttributeError: 'coroutine' object has no attribute 'process_unified_query'">tests/unit/test_gateway.py:220: in test_cost_tracking
    response = await mock_gateway_service.process_unified_query(request)
                     ^^^^^^^^^^^^^^^^^^^^^^^^^^^^^^^^^^^^^^^^^^
E   AttributeError: 'coroutine' object has no attribute 'process_unified_query'</failure></testcase><testcase classname="services.api-gateway.tests.unit.test_gateway.TestAPIGatewayService" name="test_timeout_handling" time="0.002"><failure message="AttributeError: 'coroutine' object has no attribute 'retriever'">tests/unit/test_gateway.py:232: in test_timeout_handling
    mock_gateway_service.retriever.retrieve_documents.side_effect = asyncio.TimeoutError("Request timeout")
    ^^^^^^^^^^^^^^^^^^^^^^^^^^^^^^
E   AttributeError: 'coroutine' object has no attribute 'retriever'</failure></testcase></testsuite></testsuites>